<?xml version="1.0" encoding="UTF-8"?>
<testng-results skipped="0" failed="0" total="1" passed="1">
  <reporter-output>
  </reporter-output>
  <suite name="Suite" duration-ms="20557" started-at="2018-11-27T11:00:33Z" finished-at="2018-11-27T11:00:54Z">
    <groups>
    </groups>
    <test name="Test" duration-ms="20557" started-at="2018-11-27T11:00:33Z" finished-at="2018-11-27T11:00:54Z">
      <class name="example.NewTest">
        <test-method status="PASS" signature="init()[pri:0, instance:example.NewTest@5315b42e]" name="init" is-config="true" duration-ms="15585" started-at="2018-11-27T11:00:33Z" finished-at="2018-11-27T11:00:49Z">
          <reporter-output>
          </reporter-output>
        </test-method> <!-- init -->
        <test-method status="PASS" signature="test()[pri:0, instance:example.NewTest@5315b42e]" name="test" duration-ms="4507" started-at="2018-11-27T11:00:49Z" finished-at="2018-11-27T11:00:53Z">
          <reporter-output>
          </reporter-output>
        </test-method> <!-- test -->
        <test-method status="PASS" signature="aft()[pri:0, instance:example.NewTest@5315b42e]" name="aft" is-config="true" duration-ms="454" started-at="2018-11-27T11:00:53Z" finished-at="2018-11-27T11:00:54Z">
          <reporter-output>
          </reporter-output>
        </test-method> <!-- aft -->
      </class> <!-- example.NewTest -->
    </test> <!-- Test -->
  </suite> <!-- Suite -->
</testng-results>
