<?xml version="1.0" encoding="UTF-8"?>
<testng-results skipped="0" failed="0" total="1" passed="1">
  <reporter-output>
  </reporter-output>
  <suite name="Suite" duration-ms="15127" started-at="2018-09-25T06:47:20Z" finished-at="2018-09-25T06:47:35Z">
    <groups>
    </groups>
    <test name="Test" duration-ms="15127" started-at="2018-09-25T06:47:20Z" finished-at="2018-09-25T06:47:35Z">
      <class name="example.Newtest">
        <test-method status="PASS" signature="init()[pri:0, instance:example.Newtest@61a485d2]" name="init" is-config="true" duration-ms="3343" started-at="2018-09-25T12:17:20Z" finished-at="2018-09-25T12:17:23Z">
          <reporter-output>
          </reporter-output>
        </test-method> <!-- init -->
        <test-method status="PASS" signature="test()[pri:0, instance:example.Newtest@61a485d2]" name="test" duration-ms="11356" started-at="2018-09-25T12:17:23Z" finished-at="2018-09-25T12:17:34Z">
          <reporter-output>
          </reporter-output>
        </test-method> <!-- test -->
        <test-method status="PASS" signature="aft()[pri:0, instance:example.Newtest@61a485d2]" name="aft" is-config="true" duration-ms="418" started-at="2018-09-25T12:17:34Z" finished-at="2018-09-25T12:17:35Z">
          <reporter-output>
          </reporter-output>
        </test-method> <!-- aft -->
      </class> <!-- example.Newtest -->
    </test> <!-- Test -->
  </suite> <!-- Suite -->
</testng-results>
